app/build/outputs/logs/manifest-merger-debug-report.txt
-- Merging decision tree log ---
manifest
ADDED from src\main\AndroidManifest.xml:2:1-70:12
	xmlns:android
		ADDED from src\main\AndroidManifest.xml:2:11-69
	package
		ADDED from src\main\AndroidManifest.xml:3:2-31
		INJECTED from src\main\AndroidManifest.xml
		INJECTED from src\main\AndroidManifest.xml
	android:versionName
		ADDED from src\main\AndroidManifest.xml:5:2-27
		INJECTED from src\main\AndroidManifest.xml
		INJECTED from src\main\AndroidManifest.xml
	android:versionCode
		ADDED from src\main\AndroidManifest.xml:4:2-25
		INJECTED from src\main\AndroidManifest.xml
		INJECTED from src\main\AndroidManifest.xml
uses-sdk
ADDED from src\main\AndroidManifest.xml:6:2-70
MERGED from [com.android.support:support-v4:21.0.3] AndroidManifest.xml:15:5-42
MERGED from [com.android.support:appcompat-v7:21.0.3] AndroidManifest.xml:15:5-42
MERGED from [com.android.support:support-v4:21.0.3] AndroidManifest.xml:15:5-42
	android:targetSdkVersion
		ADDED from src\main\AndroidManifest.xml:6:12-41
		INJECTED from src\main\AndroidManifest.xml
		INJECTED from src\main\AndroidManifest.xml
	android:minSdkVersion
		ADDED from src\main\AndroidManifest.xml:6:42-67
		INJECTED from src\main\AndroidManifest.xml
		INJECTED from src\main\AndroidManifest.xml
uses-permission#android.permission.VIBRATE
ADDED from src\main\AndroidManifest.xml:9:2-62
	android:name
		ADDED from src\main\AndroidManifest.xml:9:19-60
uses-permission#android.permission.INTERNET
ADDED from src\main\AndroidManifest.xml:12:2-64
	android:name
		ADDED from src\main\AndroidManifest.xml:12:19-61
uses-permission#android.permission.WRITE_EXTERNAL_STORAGE
ADDED from src\main\AndroidManifest.xml:13:2-78
	android:name
		ADDED from src\main\AndroidManifest.xml:13:19-75
uses-permission#android.permission.GET_ACCOUNTS
ADDED from src\main\AndroidManifest.xml:16:2-68
	android:name
		ADDED from src\main\AndroidManifest.xml:16:19-65
uses-permission#android.permission.WAKE_LOCK
ADDED from src\main\AndroidManifest.xml:17:2-65
	android:name
		ADDED from src\main\AndroidManifest.xml:17:19-62
uses-permission#android.permission.READ_PHONE_STATE
ADDED from src\main\AndroidManifest.xml:18:2-72
	android:name
		ADDED from src\main\AndroidManifest.xml:18:19-69
uses-permission#com.google.android.c2dm.permission.RECEIVE
ADDED from src\main\AndroidManifest.xml:19:2-79
	android:name
		ADDED from src\main\AndroidManifest.xml:19:19-76
uses-permission#com.kii.sample.chat.permission.C2D_MESSAGE
ADDED from src\main\AndroidManifest.xml:20:2-79
	android:name
		ADDED from src\main\AndroidManifest.xml:20:19-76
permission#com.kii.sample.chat.permission.C2D_MESSAGE
ADDED from src\main\AndroidManifest.xml:21:2-110
	android:protectionLevel
		ADDED from src\main\AndroidManifest.xml:21:72-107
	android:name
		ADDED from src\main\AndroidManifest.xml:21:14-71
application
ADDED from src\main\AndroidManifest.xml:24:2-69:16
MERGED from [com.android.support:support-v4:21.0.3] AndroidManifest.xml:16:5-19
MERGED from [com.android.support:appcompat-v7:21.0.3] AndroidManifest.xml:16:5-19
MERGED from [com.android.support:support-v4:21.0.3] AndroidManifest.xml:16:5-19
	android:label
		ADDED from src\main\AndroidManifest.xml:29:3-35
	android:allowBackup
		ADDED from src\main\AndroidManifest.xml:27:3-29
	android:icon
		ADDED from src\main\AndroidManifest.xml:28:3-36
	android:theme
		ADDED from src\main\AndroidManifest.xml:26:3-45
	android:name
		ADDED from src\main\AndroidManifest.xml:25:3-37
activity#com.kii.sample.chat.ui.MainActivity
ADDED from src\main\AndroidManifest.xml:30:3-37:14
	android:label
		ADDED from src\main\AndroidManifest.xml:32:4-36
	android:name
		ADDED from src\main\AndroidManifest.xml:31:4-54
intent-filter#android.intent.action.MAIN+android.intent.category.LAUNCHER
ADDED from src\main\AndroidManifest.xml:33:4-36:20
action#android.intent.action.MAIN
ADDED from src\main\AndroidManifest.xml:34:5-57
	android:name
		ADDED from src\main\AndroidManifest.xml:34:13-54
category#android.intent.category.LAUNCHER
ADDED from src\main\AndroidManifest.xml:35:5-65
	android:name
		ADDED from src\main\AndroidManifest.xml:35:15-62
activity#com.kii.sample.chat.ui.SigninActivity
ADDED from src\main\AndroidManifest.xml:38:3-42:67
	android:label
		ADDED from src\main\AndroidManifest.xml:40:4-36
	android:configChanges
		ADDED from src\main\AndroidManifest.xml:42:4-65
	android:name
		ADDED from src\main\AndroidManifest.xml:39:4-56
	android:launchMode
		ADDED from src\main\AndroidManifest.xml:41:4-35
activity#com.kii.sample.chat.ui.ChatMainActivity
ADDED from src\main\AndroidManifest.xml:43:3-47:67
	android:label
		ADDED from src\main\AndroidManifest.xml:45:4-36
	android:configChanges
		ADDED from src\main\AndroidManifest.xml:47:4-65
	android:name
		ADDED from src\main\AndroidManifest.xml:44:4-58
	android:launchMode
		ADDED from src\main\AndroidManifest.xml:46:4-35
activity#com.kii.sample.chat.ui.AddFriendActivity
ADDED from src\main\AndroidManifest.xml:48:3-52:67
	android:label
		ADDED from src\main\AndroidManifest.xml:50:4-36
	android:configChanges
		ADDED from src\main\AndroidManifest.xml:52:4-65
	android:name
		ADDED from src\main\AndroidManifest.xml:49:4-59
	android:launchMode
		ADDED from src\main\AndroidManifest.xml:51:4-33
activity#com.kii.sample.chat.ui.ChatActivity
ADDED from src\main\AndroidManifest.xml:53:3-57:67
	android:label
		ADDED from src\main\AndroidManifest.xml:55:4-36
	android:configChanges
		ADDED from src\main\AndroidManifest.xml:57:4-65
	android:name
		ADDED from src\main\AndroidManifest.xml:54:4-54
	android:launchMode
		ADDED from src\main\AndroidManifest.xml:56:4-35
receiver#com.kii.sample.chat.GCMPushReceiver
ADDED from src\main\AndroidManifest.xml:59:3-66:14
	android:permission
		ADDED from src\main\AndroidManifest.xml:61:4-64
	android:name
		ADDED from src\main\AndroidManifest.xml:60:4-54
intent-filter#com.google.android.c2dm.intent.RECEIVE+com.kii.sample.chat
ADDED from src\main\AndroidManifest.xml:62:4-65:20
action#com.google.android.c2dm.intent.RECEIVE
ADDED from src\main\AndroidManifest.xml:63:5-69
	android:name
		ADDED from src\main\AndroidManifest.xml:63:13-66
category#com.kii.sample.chat
ADDED from src\main\AndroidManifest.xml:64:5-52
	android:name
		ADDED from src\main\AndroidManifest.xml:64:15-49
service#com.kii.cloud.analytics.EventUploadService
ADDED from src\main\AndroidManifest.xml:68:3-74
	android:name
		ADDED from src\main\AndroidManifest.xml:68:12-71